<?xml version="1.0" encoding="UTF-8"?>
<!-- Generated by org.testng.reporters.JUnitXMLReporter -->
<testsuite hostname="SAIPRASAD" ignored="0" name="Test" tests="1" failures="1" timestamp="16 May 2017 20:01:29 GMT" time="0.063" errors="0">
  <testcase name="verifyHomeScreen" time="0.023" classname="com.android.automation.DisneyLand.TS_VerifyHomeScreen">
    <failure type="java.lang.NullPointerException">
      <![CDATA[java.lang.NullPointerException
	at com.android.automation.DisneyLand.TS_VerifyHomeScreen.verifyHomeScreen(TS_VerifyHomeScreen.java:17)
... Removed 25 stack frames]]>
    </failure>
  </testcase> <!-- verifyHomeScreen -->
</testsuite> <!-- Test -->
