<?xml version="1.0" encoding="UTF-8"?>
<testng-results skipped="0" failed="0" ignored="0" total="1" passed="1">
  <reporter-output>
  </reporter-output>
  <suite name="Default suite" duration-ms="98416" started-at="2017-07-28T23:51:37Z" finished-at="2017-07-28T23:53:15Z">
    <groups>
    </groups>
    <test name="Default test" duration-ms="98416" started-at="2017-07-28T23:51:37Z" finished-at="2017-07-28T23:53:15Z">
      <class name="TS_VerifyHomeScreen">
        <test-method status="PASS" signature="appiumServerStart()[pri:0, instance:TS_VerifyHomeScreen@1f28c152]" name="appiumServerStart" is-config="true" duration-ms="13228" started-at="2017-07-28T16:51:37Z" finished-at="2017-07-28T16:51:50Z">
          <reporter-output>
          </reporter-output>
        </test-method> <!-- appiumServerStart -->
        <test-method status="PASS" signature="verifyHomeScreen()[pri:0, instance:TS_VerifyHomeScreen@1f28c152]" name="verifyHomeScreen" duration-ms="83735" started-at="2017-07-28T16:51:50Z" finished-at="2017-07-28T16:53:14Z">
          <reporter-output>
          </reporter-output>
        </test-method> <!-- verifyHomeScreen -->
        <test-method status="PASS" signature="teardown()[pri:0, instance:TS_VerifyHomeScreen@1f28c152]" name="teardown" is-config="true" duration-ms="1429" started-at="2017-07-28T16:53:14Z" finished-at="2017-07-28T16:53:15Z">
          <reporter-output>
          </reporter-output>
        </test-method> <!-- teardown -->
      </class> <!-- TS_VerifyHomeScreen -->
    </test> <!-- Default test -->
  </suite> <!-- Default suite -->
</testng-results>
